2025-08-01 13:43:05.122 [main] INFO  c.w.l.LaptopstoreApplication - Starting LaptopstoreApplication using Java 21.0.7 with PID 10880 (F:\SpringBoot E learning Course\Spring-Boot-Course-E-Learning-main\laptopstore-day2\target\classes started by user in F:\SpringBoot E learning Course\Spring-Boot-Course-E-Learning-main\laptopstore-day2)
2025-08-01 13:43:05.125 [main] DEBUG c.w.l.LaptopstoreApplication - Running with Spring Boot v3.5.3, Spring v6.2.8
2025-08-01 13:43:05.126 [main] INFO  c.w.l.LaptopstoreApplication - No active profile set, falling back to 1 default profile: "default"
2025-08-01 13:43:06.788 [main] INFO  o.s.d.r.c.RepositoryConfigurationDelegate - Bootstrapping Spring Data JPA repositories in DEFAULT mode.
2025-08-01 13:43:06.902 [main] INFO  o.s.d.r.c.RepositoryConfigurationDelegate - Finished Spring Data repository scanning in 95 ms. Found 4 JPA repository interfaces.
2025-08-01 13:43:07.854 [main] INFO  o.s.b.w.e.tomcat.TomcatWebServer - Tomcat initialized with port 8085 (http)
2025-08-01 13:43:07.876 [main] INFO  o.a.catalina.core.StandardService - Starting service [Tomcat]
2025-08-01 13:43:07.877 [main] INFO  o.a.catalina.core.StandardEngine - Starting Servlet engine: [Apache Tomcat/10.1.42]
2025-08-01 13:43:07.970 [main] INFO  o.a.c.c.C.[Tomcat].[localhost].[/] - Initializing Spring embedded WebApplicationContext
2025-08-01 13:43:07.971 [main] INFO  o.s.b.w.s.c.ServletWebServerApplicationContext - Root WebApplicationContext: initialization completed in 2744 ms
2025-08-01 13:43:08.334 [main] INFO  o.h.jpa.internal.util.LogHelper - HHH000204: Processing PersistenceUnitInfo [name: default]
2025-08-01 13:43:08.436 [main] INFO  org.hibernate.Version - HHH000412: Hibernate ORM core version 6.6.18.Final
2025-08-01 13:43:08.496 [main] INFO  o.h.c.i.RegionFactoryInitiator - HHH000026: Second-level cache disabled
2025-08-01 13:43:08.999 [main] INFO  o.s.o.j.p.SpringPersistenceUnitInfo - No LoadTimeWeaver setup: ignoring JPA class transformer
2025-08-01 13:43:09.054 [main] INFO  com.zaxxer.hikari.HikariDataSource - HikariPool-1 - Starting...
2025-08-01 13:43:09.367 [main] INFO  com.zaxxer.hikari.pool.HikariPool - HikariPool-1 - Added connection conn0: url=jdbc:h2:mem:laptopstore user=SA
2025-08-01 13:43:09.370 [main] INFO  com.zaxxer.hikari.HikariDataSource - HikariPool-1 - Start completed.
2025-08-01 13:43:09.415 [main] WARN  org.hibernate.orm.deprecation - HHH90000025: H2Dialect does not need to be specified explicitly using 'hibernate.dialect' (remove the property setting and it will be selected by default)
2025-08-01 13:43:09.450 [main] INFO  o.hibernate.orm.connections.pooling - HHH10001005: Database info:
	Database JDBC URL [Connecting through datasource 'HikariDataSource (HikariPool-1)']
	Database driver: undefined/unknown
	Database version: 2.3.232
	Autocommit mode: undefined/unknown
	Isolation level: undefined/unknown
	Minimum pool size: undefined/unknown
	Maximum pool size: undefined/unknown
2025-08-01 13:43:10.842 [main] INFO  o.h.e.t.j.p.i.JtaPlatformInitiator - HHH000489: No JTA platform available (set 'hibernate.transaction.jta.platform' to enable JTA platform integration)
2025-08-01 13:43:10.923 [main] INFO  o.s.o.j.LocalContainerEntityManagerFactoryBean - Initialized JPA EntityManagerFactory for persistence unit 'default'
2025-08-01 13:43:11.737 [main] INFO  o.s.d.j.r.query.QueryEnhancerFactory - Hibernate is in classpath; If applicable, HQL parser will be used.
2025-08-01 13:43:13.183 [main] INFO  c.w.l.service.LaptopService - Initializing sample laptop data
2025-08-01 13:43:13.422 [main] DEBUG c.w.l.service.LaptopService - No existing laptops found, creating sample data
2025-08-01 13:43:13.488 [main] DEBUG c.w.l.service.LaptopService - Created sample laptop: Dell XPS 13
2025-08-01 13:43:13.490 [main] DEBUG c.w.l.service.LaptopService - Created sample laptop: MacBook Pro 14"
2025-08-01 13:43:13.497 [main] DEBUG c.w.l.service.LaptopService - Created sample laptop: HP Spectre x360
2025-08-01 13:43:13.499 [main] DEBUG c.w.l.service.LaptopService - Created sample laptop: ASUS ROG Strix G15
2025-08-01 13:43:13.502 [main] INFO  c.w.l.service.LaptopService - Successfully initialized 4 sample laptops
2025-08-01 13:43:13.688 [main] WARN  o.s.b.a.o.j.JpaBaseConfiguration$JpaWebConfiguration - spring.jpa.open-in-view is enabled by default. Therefore, database queries may be performed during view rendering. Explicitly configure spring.jpa.open-in-view to disable this warning
2025-08-01 13:43:13.888 [main] DEBUG o.s.w.s.m.m.a.RequestMappingHandlerMapping - 19 mappings in 'requestMappingHandlerMapping'
2025-08-01 13:43:14.047 [main] DEBUG o.s.w.s.h.SimpleUrlHandlerMapping - Patterns [/webjars/**, /**] in 'resourceHandlerMapping'
2025-08-01 13:43:14.082 [main] INFO  o.s.s.c.a.a.c.InitializeUserDetailsBeanManagerConfigurer$InitializeUserDetailsManagerConfigurer - Global AuthenticationManager configured with UserDetailsService bean with name customUserDetailsService
2025-08-01 13:43:14.194 [main] INFO  c.w.l.config.SecurityConfig - Configuring security filter chain
2025-08-01 13:43:14.258 [main] INFO  c.w.l.config.SecurityConfig - Security configuration completed
2025-08-01 13:43:14.330 [main] DEBUG o.s.s.web.DefaultSecurityFilterChain - Will secure any request with filters: DisableEncodeUrlFilter, WebAsyncManagerIntegrationFilter, SecurityContextHolderFilter, HeaderWriterFilter, CsrfFilter, LogoutFilter, UsernamePasswordAuthenticationFilter, RequestCacheAwareFilter, SecurityContextHolderAwareRequestFilter, AnonymousAuthenticationFilter, ExceptionTranslationFilter, AuthorizationFilter
2025-08-01 13:43:14.461 [main] DEBUG o.s.w.s.m.m.a.RequestMappingHandlerAdapter - ControllerAdvice beans: 0 @ModelAttribute, 0 @InitBinder, 1 RequestBodyAdvice, 1 ResponseBodyAdvice
2025-08-01 13:43:14.604 [main] DEBUG o.s.w.s.m.m.a.ExceptionHandlerExceptionResolver - ControllerAdvice beans: 0 @ExceptionHandler, 1 ResponseBodyAdvice
2025-08-01 13:43:14.632 [main] INFO  o.s.b.a.h.H2ConsoleAutoConfiguration - H2 console available at '/h2-console'. Database available at 'jdbc:h2:mem:laptopstore'
2025-08-01 13:43:14.754 [main] INFO  o.s.b.w.e.tomcat.TomcatWebServer - Tomcat started on port 8085 (http) with context path '/'
2025-08-01 13:43:14.777 [main] INFO  c.w.l.LaptopstoreApplication - Started LaptopstoreApplication in 10.482 seconds (process running for 12.483)
2025-08-01 13:49:15.501 [SpringApplicationShutdownHook] INFO  o.s.b.w.e.tomcat.GracefulShutdown - Commencing graceful shutdown. Waiting for active requests to complete
2025-08-01 13:49:15.521 [tomcat-shutdown] INFO  o.s.b.w.e.tomcat.GracefulShutdown - Graceful shutdown complete
2025-08-01 13:49:15.533 [SpringApplicationShutdownHook] INFO  o.s.o.j.LocalContainerEntityManagerFactoryBean - Closing JPA EntityManagerFactory for persistence unit 'default'
2025-08-01 13:49:15.566 [SpringApplicationShutdownHook] INFO  com.zaxxer.hikari.HikariDataSource - HikariPool-1 - Shutdown initiated...
2025-08-01 13:49:15.573 [SpringApplicationShutdownHook] INFO  com.zaxxer.hikari.HikariDataSource - HikariPool-1 - Shutdown completed.
